[2024-06-16T22:36:50.180+0000] {manager.py:469} INFO - Processing files using up to 2 processes at a time 
[2024-06-16T22:36:50.181+0000] {manager.py:470} INFO - Process each file at most once every 30 seconds
[2024-06-16T22:36:50.181+0000] {manager.py:471} INFO - Checking for new files in /opt/airflow/dags every 300 seconds
[2024-06-16T22:36:50.181+0000] {manager.py:738} INFO - Searching for files in /opt/airflow/dags
[2024-06-16T22:36:50.215+0000] {manager.py:741} INFO - There are 1 files in /opt/airflow/dags
[2024-06-16T22:36:50.293+0000] {manager.py:879} INFO - 
================================================================================
DAG File Processing Stats

File Path                       PID  Runtime      # DAGs    # Errors  Last Runtime    Last Run
----------------------------  -----  ---------  --------  ----------  --------------  ----------
/opt/airflow/dags/mainDAG.py    172  0.04s             0           0
================================================================================
[2024-06-16T22:37:20.444+0000] {manager.py:879} INFO - 
================================================================================
DAG File Processing Stats

File Path                       PID  Runtime      # DAGs    # Errors  Last Runtime    Last Run
----------------------------  -----  ---------  --------  ----------  --------------  -------------------
/opt/airflow/dags/mainDAG.py    183  0.00s             1           0  0.14s           2024-06-16T22:36:50
================================================================================
[2024-06-16T22:37:50.653+0000] {manager.py:879} INFO - 
================================================================================
DAG File Processing Stats

File Path                     PID    Runtime      # DAGs    # Errors  Last Runtime    Last Run
----------------------------  -----  ---------  --------  ----------  --------------  -------------------
/opt/airflow/dags/mainDAG.py                           1           0  0.33s           2024-06-16T22:37:20
================================================================================
[2024-06-16T22:38:21.058+0000] {manager.py:879} INFO - 
================================================================================
DAG File Processing Stats

File Path                       PID  Runtime      # DAGs    # Errors  Last Runtime    Last Run
----------------------------  -----  ---------  --------  ----------  --------------  -------------------
/opt/airflow/dags/mainDAG.py    205  0.00s             1           0  0.13s           2024-06-16T22:37:51
================================================================================
[2024-06-16T22:38:51.320+0000] {manager.py:879} INFO - 
================================================================================
DAG File Processing Stats

File Path                       PID  Runtime      # DAGs    # Errors  Last Runtime    Last Run
----------------------------  -----  ---------  --------  ----------  --------------  -------------------
/opt/airflow/dags/mainDAG.py    216  0.00s             1           0  0.12s           2024-06-16T22:38:21
================================================================================
[2024-06-16T22:39:21.478+0000] {manager.py:879} INFO - 
================================================================================
DAG File Processing Stats

File Path                       PID  Runtime      # DAGs    # Errors  Last Runtime    Last Run
----------------------------  -----  ---------  --------  ----------  --------------  -------------------
/opt/airflow/dags/mainDAG.py    227  0.00s             1           0  0.12s           2024-06-16T22:38:51
================================================================================
[2024-06-16T22:39:51.712+0000] {manager.py:879} INFO - 
================================================================================
DAG File Processing Stats

File Path                       PID  Runtime      # DAGs    # Errors  Last Runtime    Last Run
----------------------------  -----  ---------  --------  ----------  --------------  -------------------
/opt/airflow/dags/mainDAG.py    238  0.00s             1           0  0.11s           2024-06-16T22:39:21
================================================================================
[2024-06-16T22:40:21.866+0000] {manager.py:879} INFO - 
================================================================================
DAG File Processing Stats

File Path                       PID  Runtime      # DAGs    # Errors  Last Runtime    Last Run
----------------------------  -----  ---------  --------  ----------  --------------  -------------------
/opt/airflow/dags/mainDAG.py    249  0.00s             1           0  0.11s           2024-06-16T22:39:51
================================================================================
[2024-06-16T22:40:52.090+0000] {manager.py:879} INFO - 
================================================================================
DAG File Processing Stats

File Path                       PID  Runtime      # DAGs    # Errors  Last Runtime    Last Run
----------------------------  -----  ---------  --------  ----------  --------------  -------------------
/opt/airflow/dags/mainDAG.py    260  0.00s             1           0  0.12s           2024-06-16T22:40:21
================================================================================
[2024-06-16T22:41:22.248+0000] {manager.py:879} INFO - 
================================================================================
DAG File Processing Stats

File Path                       PID  Runtime      # DAGs    # Errors  Last Runtime    Last Run
----------------------------  -----  ---------  --------  ----------  --------------  -------------------
/opt/airflow/dags/mainDAG.py    271  0.00s             1           0  0.11s           2024-06-16T22:40:52
================================================================================
[2024-06-16T22:41:38.638+0000] {manager.py:451} INFO - Exiting gracefully upon receiving signal 15
