[2024-06-16T22:36:50.278+0000] {processor.py:161} INFO - Started process (PID=172) to work on /opt/airflow/dags/mainDAG.py
[2024-06-16T22:36:50.280+0000] {processor.py:830} INFO - Processing file /opt/airflow/dags/mainDAG.py for tasks to queue
[2024-06-16T22:36:50.281+0000] {logging_mixin.py:188} INFO - [2024-06-16T22:36:50.281+0000] {dagbag.py:538} INFO - Filling up the DagBag from /opt/airflow/dags/mainDAG.py
[2024-06-16T22:36:50.322+0000] {processor.py:840} INFO - DAG(s) 'agile_project_MSI_2' retrieved from /opt/airflow/dags/mainDAG.py
[2024-06-16T22:36:50.344+0000] {logging_mixin.py:188} INFO - [2024-06-16T22:36:50.344+0000] {dag.py:3036} INFO - Sync 1 DAGs
[2024-06-16T22:36:50.367+0000] {logging_mixin.py:188} INFO - [2024-06-16T22:36:50.367+0000] {dag.py:3823} INFO - Setting next_dagrun for agile_project_MSI_2 to 2024-06-15 00:00:00+00:00, run_after=2024-06-16 00:00:00+00:00
[2024-06-16T22:36:50.386+0000] {processor.py:183} INFO - Processing /opt/airflow/dags/mainDAG.py took 0.111 seconds
[2024-06-16T22:37:20.457+0000] {processor.py:161} INFO - Started process (PID=183) to work on /opt/airflow/dags/mainDAG.py
[2024-06-16T22:37:20.458+0000] {processor.py:830} INFO - Processing file /opt/airflow/dags/mainDAG.py for tasks to queue
[2024-06-16T22:37:20.459+0000] {logging_mixin.py:188} INFO - [2024-06-16T22:37:20.459+0000] {dagbag.py:538} INFO - Filling up the DagBag from /opt/airflow/dags/mainDAG.py
[2024-06-16T22:37:20.491+0000] {processor.py:840} INFO - DAG(s) 'agile_project_MSI_2' retrieved from /opt/airflow/dags/mainDAG.py
[2024-06-16T22:37:20.712+0000] {logging_mixin.py:188} INFO - [2024-06-16T22:37:20.712+0000] {dag.py:3036} INFO - Sync 1 DAGs
[2024-06-16T22:37:20.736+0000] {logging_mixin.py:188} INFO - [2024-06-16T22:37:20.736+0000] {dag.py:3823} INFO - Setting next_dagrun for agile_project_MSI_2 to 2024-06-15 00:00:00+00:00, run_after=2024-06-16 00:00:00+00:00
[2024-06-16T22:37:20.760+0000] {processor.py:183} INFO - Processing /opt/airflow/dags/mainDAG.py took 0.307 seconds
[2024-06-16T22:37:50.919+0000] {processor.py:161} INFO - Started process (PID=194) to work on /opt/airflow/dags/mainDAG.py
[2024-06-16T22:37:50.920+0000] {processor.py:830} INFO - Processing file /opt/airflow/dags/mainDAG.py for tasks to queue
[2024-06-16T22:37:50.921+0000] {logging_mixin.py:188} INFO - [2024-06-16T22:37:50.921+0000] {dagbag.py:538} INFO - Filling up the DagBag from /opt/airflow/dags/mainDAG.py
[2024-06-16T22:37:50.951+0000] {processor.py:840} INFO - DAG(s) 'agile_project_MSI_2' retrieved from /opt/airflow/dags/mainDAG.py
[2024-06-16T22:37:50.976+0000] {logging_mixin.py:188} INFO - [2024-06-16T22:37:50.976+0000] {dag.py:3036} INFO - Sync 1 DAGs
[2024-06-16T22:37:50.999+0000] {logging_mixin.py:188} INFO - [2024-06-16T22:37:50.999+0000] {dag.py:3823} INFO - Setting next_dagrun for agile_project_MSI_2 to 2024-06-15 00:00:00+00:00, run_after=2024-06-16 00:00:00+00:00
[2024-06-16T22:37:51.025+0000] {processor.py:183} INFO - Processing /opt/airflow/dags/mainDAG.py took 0.109 seconds
[2024-06-16T22:38:21.072+0000] {processor.py:161} INFO - Started process (PID=205) to work on /opt/airflow/dags/mainDAG.py
[2024-06-16T22:38:21.073+0000] {processor.py:830} INFO - Processing file /opt/airflow/dags/mainDAG.py for tasks to queue
[2024-06-16T22:38:21.074+0000] {logging_mixin.py:188} INFO - [2024-06-16T22:38:21.074+0000] {dagbag.py:538} INFO - Filling up the DagBag from /opt/airflow/dags/mainDAG.py
[2024-06-16T22:38:21.102+0000] {processor.py:840} INFO - DAG(s) 'agile_project_MSI_2' retrieved from /opt/airflow/dags/mainDAG.py
[2024-06-16T22:38:21.126+0000] {logging_mixin.py:188} INFO - [2024-06-16T22:38:21.126+0000] {dag.py:3036} INFO - Sync 1 DAGs
[2024-06-16T22:38:21.148+0000] {logging_mixin.py:188} INFO - [2024-06-16T22:38:21.148+0000] {dag.py:3823} INFO - Setting next_dagrun for agile_project_MSI_2 to 2024-06-15 00:00:00+00:00, run_after=2024-06-16 00:00:00+00:00
[2024-06-16T22:38:21.167+0000] {processor.py:183} INFO - Processing /opt/airflow/dags/mainDAG.py took 0.097 seconds
[2024-06-16T22:38:51.332+0000] {processor.py:161} INFO - Started process (PID=216) to work on /opt/airflow/dags/mainDAG.py
[2024-06-16T22:38:51.333+0000] {processor.py:830} INFO - Processing file /opt/airflow/dags/mainDAG.py for tasks to queue
[2024-06-16T22:38:51.333+0000] {logging_mixin.py:188} INFO - [2024-06-16T22:38:51.333+0000] {dagbag.py:538} INFO - Filling up the DagBag from /opt/airflow/dags/mainDAG.py
[2024-06-16T22:38:51.359+0000] {processor.py:840} INFO - DAG(s) 'agile_project_MSI_2' retrieved from /opt/airflow/dags/mainDAG.py
[2024-06-16T22:38:51.381+0000] {logging_mixin.py:188} INFO - [2024-06-16T22:38:51.380+0000] {dag.py:3036} INFO - Sync 1 DAGs
[2024-06-16T22:38:51.400+0000] {logging_mixin.py:188} INFO - [2024-06-16T22:38:51.400+0000] {dag.py:3823} INFO - Setting next_dagrun for agile_project_MSI_2 to 2024-06-15 00:00:00+00:00, run_after=2024-06-16 00:00:00+00:00
[2024-06-16T22:38:51.426+0000] {processor.py:183} INFO - Processing /opt/airflow/dags/mainDAG.py took 0.096 seconds
[2024-06-16T22:39:21.490+0000] {processor.py:161} INFO - Started process (PID=227) to work on /opt/airflow/dags/mainDAG.py
[2024-06-16T22:39:21.491+0000] {processor.py:830} INFO - Processing file /opt/airflow/dags/mainDAG.py for tasks to queue
[2024-06-16T22:39:21.492+0000] {logging_mixin.py:188} INFO - [2024-06-16T22:39:21.492+0000] {dagbag.py:538} INFO - Filling up the DagBag from /opt/airflow/dags/mainDAG.py
[2024-06-16T22:39:21.518+0000] {processor.py:840} INFO - DAG(s) 'agile_project_MSI_2' retrieved from /opt/airflow/dags/mainDAG.py
[2024-06-16T22:39:21.541+0000] {logging_mixin.py:188} INFO - [2024-06-16T22:39:21.540+0000] {dag.py:3036} INFO - Sync 1 DAGs
[2024-06-16T22:39:21.561+0000] {logging_mixin.py:188} INFO - [2024-06-16T22:39:21.561+0000] {dag.py:3823} INFO - Setting next_dagrun for agile_project_MSI_2 to 2024-06-15 00:00:00+00:00, run_after=2024-06-16 00:00:00+00:00
[2024-06-16T22:39:21.577+0000] {processor.py:183} INFO - Processing /opt/airflow/dags/mainDAG.py took 0.089 seconds
[2024-06-16T22:39:51.724+0000] {processor.py:161} INFO - Started process (PID=238) to work on /opt/airflow/dags/mainDAG.py
[2024-06-16T22:39:51.724+0000] {processor.py:830} INFO - Processing file /opt/airflow/dags/mainDAG.py for tasks to queue
[2024-06-16T22:39:51.725+0000] {logging_mixin.py:188} INFO - [2024-06-16T22:39:51.725+0000] {dagbag.py:538} INFO - Filling up the DagBag from /opt/airflow/dags/mainDAG.py
[2024-06-16T22:39:51.752+0000] {processor.py:840} INFO - DAG(s) 'agile_project_MSI_2' retrieved from /opt/airflow/dags/mainDAG.py
[2024-06-16T22:39:51.774+0000] {logging_mixin.py:188} INFO - [2024-06-16T22:39:51.773+0000] {dag.py:3036} INFO - Sync 1 DAGs
[2024-06-16T22:39:51.793+0000] {logging_mixin.py:188} INFO - [2024-06-16T22:39:51.793+0000] {dag.py:3823} INFO - Setting next_dagrun for agile_project_MSI_2 to 2024-06-15 00:00:00+00:00, run_after=2024-06-16 00:00:00+00:00
[2024-06-16T22:39:51.809+0000] {processor.py:183} INFO - Processing /opt/airflow/dags/mainDAG.py took 0.088 seconds
[2024-06-16T22:40:21.879+0000] {processor.py:161} INFO - Started process (PID=249) to work on /opt/airflow/dags/mainDAG.py
[2024-06-16T22:40:21.880+0000] {processor.py:830} INFO - Processing file /opt/airflow/dags/mainDAG.py for tasks to queue
[2024-06-16T22:40:21.880+0000] {logging_mixin.py:188} INFO - [2024-06-16T22:40:21.880+0000] {dagbag.py:538} INFO - Filling up the DagBag from /opt/airflow/dags/mainDAG.py
[2024-06-16T22:40:21.907+0000] {processor.py:840} INFO - DAG(s) 'agile_project_MSI_2' retrieved from /opt/airflow/dags/mainDAG.py
[2024-06-16T22:40:21.928+0000] {logging_mixin.py:188} INFO - [2024-06-16T22:40:21.928+0000] {dag.py:3036} INFO - Sync 1 DAGs
[2024-06-16T22:40:21.950+0000] {logging_mixin.py:188} INFO - [2024-06-16T22:40:21.950+0000] {dag.py:3823} INFO - Setting next_dagrun for agile_project_MSI_2 to 2024-06-15 00:00:00+00:00, run_after=2024-06-16 00:00:00+00:00
[2024-06-16T22:40:21.970+0000] {processor.py:183} INFO - Processing /opt/airflow/dags/mainDAG.py took 0.094 seconds
[2024-06-16T22:40:52.101+0000] {processor.py:161} INFO - Started process (PID=260) to work on /opt/airflow/dags/mainDAG.py
[2024-06-16T22:40:52.102+0000] {processor.py:830} INFO - Processing file /opt/airflow/dags/mainDAG.py for tasks to queue
[2024-06-16T22:40:52.103+0000] {logging_mixin.py:188} INFO - [2024-06-16T22:40:52.103+0000] {dagbag.py:538} INFO - Filling up the DagBag from /opt/airflow/dags/mainDAG.py
[2024-06-16T22:40:52.130+0000] {processor.py:840} INFO - DAG(s) 'agile_project_MSI_2' retrieved from /opt/airflow/dags/mainDAG.py
[2024-06-16T22:40:52.152+0000] {logging_mixin.py:188} INFO - [2024-06-16T22:40:52.151+0000] {dag.py:3036} INFO - Sync 1 DAGs
[2024-06-16T22:40:52.172+0000] {logging_mixin.py:188} INFO - [2024-06-16T22:40:52.171+0000] {dag.py:3823} INFO - Setting next_dagrun for agile_project_MSI_2 to 2024-06-15 00:00:00+00:00, run_after=2024-06-16 00:00:00+00:00
[2024-06-16T22:40:52.189+0000] {processor.py:183} INFO - Processing /opt/airflow/dags/mainDAG.py took 0.090 seconds
[2024-06-16T22:41:22.260+0000] {processor.py:161} INFO - Started process (PID=271) to work on /opt/airflow/dags/mainDAG.py
[2024-06-16T22:41:22.260+0000] {processor.py:830} INFO - Processing file /opt/airflow/dags/mainDAG.py for tasks to queue
[2024-06-16T22:41:22.261+0000] {logging_mixin.py:188} INFO - [2024-06-16T22:41:22.261+0000] {dagbag.py:538} INFO - Filling up the DagBag from /opt/airflow/dags/mainDAG.py
[2024-06-16T22:41:22.286+0000] {processor.py:840} INFO - DAG(s) 'agile_project_MSI_2' retrieved from /opt/airflow/dags/mainDAG.py
[2024-06-16T22:41:22.307+0000] {logging_mixin.py:188} INFO - [2024-06-16T22:41:22.307+0000] {dag.py:3036} INFO - Sync 1 DAGs
[2024-06-16T22:41:22.326+0000] {logging_mixin.py:188} INFO - [2024-06-16T22:41:22.326+0000] {dag.py:3823} INFO - Setting next_dagrun for agile_project_MSI_2 to 2024-06-15 00:00:00+00:00, run_after=2024-06-16 00:00:00+00:00
[2024-06-16T22:41:22.341+0000] {processor.py:183} INFO - Processing /opt/airflow/dags/mainDAG.py took 0.084 seconds
